=~=~=~=~=~=~=~=~=~=~=~= PuTTY log 2024.04.26 13:12:54 =~=~=~=~=~=~=~=~=~=~=~=
cCc"9
+&DccV@A*
1
HBC!cSome values discarded
CALIBRATION COMPLETE  X: -2 Y: 0 Z: -9
RAW READINGS  X: -5 Y: -1 Z: -12
RAW READINGS  X: -1 Y: 0 Z: -11
RAW READINGS  X: -3 Y: -2 Z: -12
RAW READINGS  X: -3 Y: 0 Z: -11
RAW READINGS  X: -2 Y: -1 Z: -12
RAW READINGS  X: -4 Y: 0 Z: -10
RAW READINGS  X: -2 Y: 1 Z: -10
RAW READINGS  X: 0 Y: -1 Z: -12
RAW READINGS  X: -5 Y: 1 Z: -11
RAW READINGS  X: -3 Y: -3 Z: -10
RAW READINGS  X: 0 Y: 0 Z: -12
RAW READINGS  X: -1 Y: -4 Z: -10
RAW READINGS  X: -5 Y: 0 Z: -12
RAW READINGS  X: -2 Y: 1 Z: -11
RAW READINGS  X: -3 Y: -2 Z: -9
RAW READINGS  X: -3 Y: -4 Z: -11
RAW READINGS  X: -5 Y: 1 Z: -11
RAW READINGS  X: -2 Y: 1 Z: -12
RAW READINGS  X: -2 Y: 3 Z: -11
RAW READINGS  X: -3 Y: -1 Z: -11
RAW READINGS  X: -3 Y: 0 Z: -10
RAW READINGS  X: -3 Y: 0 Z: -10
RAW READINGS  X: -5 Y: -1 Z: -11
RAW READINGS  X: -3 Y: 0 Z: -9
RAW READINGS  X: -6 Y: 0 Z: -11
RAW READINGS  X: -3 Y: 1 Z: -8
RAW READINGS  X: -4 Y: 1 Z: -11
RAW READINGS  X: -3 Y: -1 Z: -10
RAW READINGS  X: -2 Y: 2 Z: -10
RAW READINGS  X: -3 Y: -1 Z: -10
RAW READINGS  X: -2 Y: -1 Z: -10
RAW READINGS  X: -2 Y: 1 Z: -11
RAW READINGS  X: -4 Y: 3 Z: -9
RAW READINGS  X: -3 Y: -2 Z: -11
RAW READINGS  X: -4 Y: 3 Z: -12
RAW READINGS  X: 24 Y: 8 Z: -2
RAW READINGS  X: -5 Y: -9 Z: -12
RAW READINGS  X: -15 Y: -19 Z: -13
RAW READINGS  X: 0 Y: 9 Z: -7
RAW READINGS  X: -6 Y: -3 Z: -10
RAW READINGS  X: -3 Y: -1 Z: -11
RAW READINGS  X: -1 Y: 1 Z: -10
RAW READINGS  X: -5 Y: 0 Z: -11
RAW READINGS  X: -3 Y: 1 Z: -12
RAW READINGS  X: -3 Y: 1 Z: -8
RAW READINGS  X: -4 Y: -1 Z: -12
RAW READINGS  X: -6 Y: 0 Z: -10
RAW READINGS  X: -2 Y: 0 Z: -12
RAW READINGS  X: -1 Y: 3 Z: -13
RAW READINGS  X: -5 Y: -4 Z: -10
RAW READINGS  X: 0 Y: -2 Z: -9
RAW READINGS  X: -2 Y: 0 Z: -10
RAW READINGS  X: -2 Y: -1 Z: -11
RAW READINGS  X: -4 Y: 0 Z: -11
RAW READINGS  X: -5 Y: -1 Z: -7
RAW READINGS  X: -4 Y: 3 Z: -8
RAW READINGS  X: -5 Y: -2 Z: -9
RAW READINGS  X: -3 Y: 2 Z: -7
RAW READINGS  X: -5 Y: -1 Z: -11
RAW READINGS  X: -2 Y: -1 Z: -10
RAW READINGS  X: -3 Y: -1 Z: -9
RAW READINGS  X: -4 Y: 1 Z: -11
RAW READINGS  X: -3 Y: -1 Z: -11
RAW READINGS  X: -1 Y: -3 Z: -10
RAW READINGS  X: -2 Y: -2 Z: -9
RAW READINGS  X: -5 Y: 0 Z: -11
RAW READINGS  X: -1 Y: 1 Z: -10
RAW READINGS  X: -2 Y: -2 Z: -11
RAW READINGS  X: -2 Y: -2 Z: -10
RAW READINGS  X: -6 Y: 1 Z: -12
RAW READINGS  X: -3 Y: 1 Z: -10
RAW READINGS  X: 0 Y: -1 Z: -9
RAW READINGS  X: -5 Y: 1 Z: -11
RAW READINGS  X: -7 Y: 0 Z: -10
RAW READINGS  X: -2 Y: -3 Z: -11
RAW READINGS  X: -1 Y: 1 Z: -9
RAW READINGS  X: -4 Y: -2 Z: -12
RAW READINGS  X: -6 Y: 0 Z: -12
RAW READINGS  X: 0 Y: 2 Z: -9
RAW READINGS  X: -5 Y: 0 Z: -10
RAW READINGS  X: -1 Y: 1 Z: -11
RAW READINGS  X: -3 Y: 2 Z: -10
RAW READINGS  X: 43 Y: -30 Z: -15
RAW READINGS  X: -12 Y: -7 Z: -13
RAW READINGS  X: -4 Y: -2 Z: -11
RAW READINGS  X: -2 Y: 0 Z: -10
RAW READINGS  X: -2 Y: 2 Z: -8
RAW READINGS  X: -2 Y: 0 Z: -11
RAW READINGS  X: -2 Y: 0 Z: -11
RAW READINGS  X: -4 Y: -4 Z: -12
RAW READINGS  X: 0 Y: 2 Z: -10
RAW READINGS  X: -4 Y: 0 Z: -9
RAW READINGS  X: -5 Y: 0 Z: -10
RAW READINGS  X: -3 Y: 1 Z: -9
RAW READINGS  X: -4 Y: -1 Z: -10
RAW READINGS  X: -1 Y: 1 Z: -9
RAW READINGS  X: -3 Y: -1 Z: -10
RAW READINGS  X: -3 Y: -2 Z: -9
RAW READINGS  X: -5 Y: 1 Z: -10
RAW READINGS  X: -7 Y: 2 Z: -12
Average Readings  X: 0 Y: 0 Z: -1

RAW READINGS  X: -4 Y: -1 Z: -11
RAW READINGS  X: -5 Y: 2 Z: -10
RAW READINGS  X: -6 Y: -3 Z: -11
RAW READINGS  X: -4 Y: 1 Z: -11
RAW READINGS  X: -4 Y: 0 Z: -11
RAW READINGS  X: 5 Y: -7 Z: -6
RAW READINGS  X: -7 Y: -2 Z: -9
RAW READINGS  X: -3 Y: -1 Z: -8
RAW READINGS  X: 14 Y: 31 Z: -7
RAW READINGS  X: -20 Y: -21 Z: -15
RAW READINGS  X: -5 Y: 11 Z: -6
RAW READINGS  X: 1 Y: -6 Z: -9
RAW READINGS  X: -6 Y: -4 Z: -9
RAW READINGS  X: -6 Y: -7 Z: -12
RAW READINGS  X: -2 Y: 7 Z: -9
RAW READINGS  X: -5 Y: -6 Z: -13
RAW READINGS  X: 2 Y: 5 Z: -9
RAW READINGS  X: 9 Y: 25 Z: -9
RAW READINGS  X: 0 Y: -5 Z: -8
RAW READINGS  X: -7 Y: -9 Z: -11
RAW READINGS  X: -2 Y: 0 Z: -12
RAW READINGS  X: -4 Y: 1 Z: -12
RAW READINGS  X: 0 Y: 3 Z: -10
RAW READINGS  X: -2 Y: -3 Z: -10
RAW READINGS  X: -5 Y: 1 Z: -12
RAW READINGS  X: -3 Y: -11 Z: -11
RAW READINGS  X: -5 Y: -7 Z: -13
RAW READINGS  X: -5 Y: 2 Z: -11
RAW READINGS  X: -3 Y: 5 Z: -8
RAW READINGS  X: -4 Y: -2 Z: -12
RAW READINGS  X: -1 Y: 0 Z: -9
RAW READINGS  X: -3 Y: 0 Z: -11
RAW READINGS  X: -4 Y: 1 Z: -11
RAW READINGS  X: -4 Y: 0 Z: -11
RAW READINGS  X: -2 Y: -1 Z: -9
RAW READINGS  X: -4 Y: -2 Z: -10
RAW READINGS  X: -1 Y: -2 Z: -10
RAW READINGS  X: -4 Y: 0 Z: -10
RAW READINGS  X: -3 Y: -2 Z: -12
RAW READINGS  X: -4 Y: 2 Z: -9
RAW READINGS  X: -2 Y: -4 Z: -8
RAW READINGS  X: -7 Y: -4 Z: -12
RAW READINGS  X: -1 Y: 2 Z: -9
RAW READINGS  X: -2 Y: 2 Z: -8
RAW READINGS  X: -4 Y: -1 Z: -8
RAW READINGS  X: -5 Y: -4 Z: -10
RAW READINGS  X: -1 Y: 0 Z: -9
RAW READINGS  X: -3 Y: -1 Z: -12
RAW READINGS  X: -2 Y: -1 Z: -11
RAW READINGS  X: -1 Y: -3 Z: -10
RAW READINGS  X: -5 Y: -1 Z: -11
RAW READINGS  X: 0 Y: -1 Z: -12
RAW READINGS  X: -4 Y: -2 Z: -9
RAW READINGS  X: -3 Y: -2 Z: -11
RAW READINGS  X: -1 Y: 2 Z: -10
RAW READINGS  X: -1 Y: 0 Z: -10
RAW READINGS  X: -3 Y: -3 Z: -8
RAW READINGS  X: 0 Y: -2 Z: -10
RAW READINGS  X: -3 Y: -2 Z: -10
RAW READINGS  X: -2 Y: -1 Z: -11
RAW READINGS  X: -2 Y: -3 Z: -9
RAW READINGS  X: -1 Y: -2 Z: -7
RAW READINGS  X: -3 Y: -4 Z: -10
RAW READINGS  X: -4 Y: -3 Z: -13
RAW READINGS  X: -3 Y: 3 Z: -10
RAW READINGS  X: -2 Y: 0 Z: -9
RAW READINGS  X: -1 Y: -1 Z: -10
RAW READINGS  X: -1 Y: 1 Z: -8
RAW READINGS  X: -3 Y: 0 Z: -9
RAW READINGS  X: -8 Y: -3 Z: -9
RAW READINGS  X: -2 Y: -3 Z: -10
RAW READINGS  X: -4 Y: -3 Z: -8
RAW READINGS  X: -2 Y: -3 Z: -10
RAW READINGS  X: -2 Y: -2 Z: -11
RAW READINGS  X: -4 Y: -1 Z: -10
RAW READINGS  X: -1 Y: 1 Z: -9
RAW READINGS  X: -4 Y: 1 Z: -8
RAW READINGS  X: -2 Y: 1 Z: -9
RAW READINGS  X: -5 Y: 2 Z: -10
RAW READINGS  X: 0 Y: 6 Z: -10
RAW READINGS  X: -3 Y: 2 Z: -11
RAW READINGS  X: -5 Y: -4 Z: -11
RAW READINGS  X: -2 Y: -1 Z: -9
RAW READINGS  X: -5 Y: 1 Z: -9
RAW READINGS  X: -2 Y: 0 Z: -12
RAW READINGS  X: -4 Y: -4 Z: -11
RAW READINGS  X: -5 Y: 0 Z: -6
RAW READINGS  X: -4 Y: 9 Z: -9
RAW READINGS  X: -3 Y: 3 Z: -10
RAW READINGS  X: -3 Y: -7 Z: -11
RAW READINGS  X: -4 Y: -6 Z: -11
RAW READINGS  X: -2 Y: 5 Z: -9
RAW READINGS  X: -3 Y: 2 Z: -13
RAW READINGS  X: -4 Y: 1 Z: -11
RAW READINGS  X: -2 Y: -2 Z: -11
RAW READINGS  X: -3 Y: 1 Z: -11
RAW READINGS  X: -5 Y: 3 Z: -9
RAW READINGS  X: -3 Y: -1 Z: -9
RAW READINGS  X: -3 Y: -2 Z: -9
RAW READINGS  X: -3 Y: -2 Z: -10
Average Readings  X: 0 Y: 0 Z: 0

RAW READINGS  X: -5 Y: -4 Z: -9
RAW READINGS  X: 0 Y: -7 Z: -18
RAW READINGS  X: -27 Y: 69 Z: -256
RAW READINGS  X: -13 Y: 7 Z: -8
RAW READINGS  X: 40 Y: -5 Z: 33
RAW READINGS  X: 396 Y: 791 Z: 307
RAW READINGS  X: -380 Y: -633 Z: -113
RAW READINGS  X: -215 Y: -445 Z: -102
RAW READINGS  X: 230 Y: 516 Z: -26
RAW READINGS  X: -929 Y: -1038 Z: -471
RAW READINGS  X: -1125 Y: -2272 Z: -386
