=~=~=~=~=~=~=~=~=~=~=~= PuTTY log 2024.04.26 13:10:39 =~=~=~=~=~=~=~=~=~=~=~=
cK`@

YcF h
$k3cJZYcAB3PQ@1``
)Z@cnc&Nc0F h`\&,h!*,h
RAW READINGS  X: -1 Y: 3 Z: -8
RAW READINGS  X: -2 Y: -1 Z: -9
RAW READINGS  X: -1 Y: 0 Z: -11
RAW READINGS  X: -2 Y: -4 Z: -13
RAW READINGS  X: -5 Y: 1 Z: -11
RAW READINGS  X: -6 Y: 4 Z: -11
RAW READINGS  X: -1 Y: -1 Z: -9
RAW READINGS  X: -2 Y: -1 Z: -11
RAW READINGS  X: -5 Y: 0 Z: -9
RAW READINGS  X: -3 Y: 4 Z: -9
RAW READINGS  X: -5 Y: 1 Z: -8
RAW READINGS  X: 5 Y: 16 Z: -10
RAW READINGS  X: -4 Y: -8 Z: -10
RAW READINGS  X: -1 Y: 2 Z: -11
RAW READINGS  X: -3 Y: -4 Z: -9
RAW READINGS  X: -3 Y: 0 Z: -12
RAW READINGS  X: -4 Y: -2 Z: -13
RAW READINGS  X: -5 Y: 0 Z: -12
RAW READINGS  X: -5 Y: -1 Z: -10
RAW READINGS  X: -3 Y: 2 Z: -9
RAW READINGS  X: -4 Y: -4 Z: -6
RAW READINGS  X: 0 Y: -2 Z: -12
RAW READINGS  X: -4 Y: -1 Z: -8
RAW READINGS  X: -6 Y: -2 Z: -9
RAW READINGS  X: -3 Y: 2 Z: -10
RAW READINGS  X: -3 Y: 0 Z: -9
RAW READINGS  X: -3 Y: 1 Z: -9
RAW READINGS  X: -4 Y: -1 Z: -10
RAW READINGS  X: -2 Y: 0 Z: -11
RAW READINGS  X: -3 Y: 1 Z: -11
RAW READINGS  X: -2 Y: 0 Z: -9
RAW READINGS  X: -3 Y: -2 Z: -9
RAW READINGS  X: -5 Y: 1 Z: -9
RAW READINGS  X: -4 Y: 2 Z: -11
RAW READINGS  X: -3 Y: -2 Z: -9
RAW READINGS  X: -4 Y: -1 Z: -10
RAW READINGS  X: -3 Y: -1 Z: -13
RAW READINGS  X: -6 Y: -1 Z: -9
RAW READINGS  X: -2 Y: 1 Z: -9
RAW READINGS  X: -5 Y: -3 Z: -10
RAW READINGS  X: -4 Y: -1 Z: -7
RAW READINGS  X: -3 Y: -1 Z: -11
RAW READINGS  X: -6 Y: -2 Z: -11
RAW READINGS  X: -3 Y: -4 Z: -13
RAW READINGS  X: -3 Y: 2 Z: -11
RAW READINGS  X: -2 Y: 1 Z: -11
RAW READINGS  X: 7 Y: 27 Z: -4
RAW READINGS  X: -9 Y: -11 Z: -8
RAW READINGS  X: 0 Y: 5 Z: -10
RAW READINGS  X: -2 Y: -3 Z: -8
RAW READINGS  X: -2 Y: 1 Z: -8
RAW READINGS  X: -8 Y: -8 Z: -12
RAW READINGS  X: -1 Y: 5 Z: -10
RAW READINGS  X: 1 Y: -7 Z: -10
RAW READINGS  X: 1 Y: 5 Z: -10
RAW READINGS  X: -8 Y: -2 Z: -11
RAW READINGS  X: -3 Y: 0 Z: -8
RAW READINGS  X: -3 Y: -2 Z: -11
RAW READINGS  X: 0 Y: 1 Z: -9
RAW READINGS  X: -6 Y: 0 Z: -9
RAW READINGS  X: -4 Y: -1 Z: -12
RAW READINGS  X: -4 Y: 2 Z: -10
RAW READINGS  X: -2 Y: 2 Z: -12
RAW READINGS  X: 0 Y: 0 Z: -10
RAW READINGS  X: -1 Y: -1 Z: -11
RAW READINGS  X: -4 Y: -1 Z: -9
RAW READINGS  X: -2 Y: -2 Z: -11
RAW READINGS  X: -4 Y: 1 Z: -9
RAW READINGS  X: -5 Y: -1 Z: -11
RAW READINGS  X: -5 Y: -7 Z: -12
RAW READINGS  X: 0 Y: 6 Z: -9
RAW READINGS  X: -3 Y: 3 Z: -12
RAW READINGS  X: -2 Y: 5 Z: -7
RAW READINGS  X: -4 Y: 2 Z: -10
RAW READINGS  X: -3 Y: 0 Z: -11
RAW READINGS  X: -3 Y: -1 Z: -9
RAW READINGS  X: -1 Y: -1 Z: -11
RAW READINGS  X: -4 Y: -1 Z: -9
RAW READINGS  X: -4 Y: 1 Z: -8
RAW READINGS  X: -2 Y: 0 Z: -9
RAW READINGS  X: -3 Y: 0 Z: -10
RAW READINGS  X: -5 Y: 2 Z: -11
RAW READINGS  X: -5 Y: -2 Z: -10
RAW READINGS  X: -1 Y: 0 Z: -10
RAW READINGS  X: -7 Y: 0 Z: -12
RAW READINGS  X: -5 Y: 1 Z: -11
RAW READINGS  X: -4 Y: -2 Z: -9
RAW READINGS  X: 0 Y: -1 Z: -10
RAW READINGS  X: -3 Y: 1 Z: -10
RAW READINGS  X: 1 Y: 2 Z: -9
RAW READINGS  X: 0 Y: 2 Z: -13
RAW READINGS  X: 0 Y: -3 Z: -9
RAW READINGS  X: -5 Y: -3 Z: -10
RAW READINGS  X: -4 Y: -3 Z: -13
RAW READINGS  X: -3 Y: 2 Z: -11
RAW READINGS  X: -1 Y: -1 Z: -12
RAW READINGS  X: -3 Y: -1 Z: -11
RAW READINGS  X: -3 Y: 0 Z: -12
RAW READINGS  X: 6 Y: -7 Z: -10
RAW READINGS  X: 4 Y: 5 Z: -7
Average Readings  X: 0 Y: 0 Z: -1

