=~=~=~=~=~=~=~=~=~=~=~= PuTTY log 2024.05.02 11:16:32 =~=~=~=~=~=~=~=~=~=~=~=
Some values discarded
CALIBRATION COMPLETE  X: -2 Y: 4 Z: -10
13113,-3,5,-10
13213,-4,5,-11
13313,0,6,-7
13413,-5,18,-9
13513,-5,3,-13
13613,-2,2,-10
13713,-5,2,-12
13813,0,5,-12
13913,-4,3,-11
14013,0,2,-12
14113,-5,2,-11
14213,-3,5,-11
14313,-6,3,-13
14413,-4,-1,-9
14513,-4,3,-13
14613,-2,1,-13
14713,-5,3,-13
14813,-5,4,-10
14913,0,2,-8
15013,-5,0,-10
15113,-2,5,-13
15213,-3,6,-11
15313,-3,3,-12
15413,0,2,-9
15513,-2,-2,-11
15613,-3,4,-13
15713,-5,2,-12
15813,-3,6,-10
15913,-2,7,-7
16013,-2,5,-10
16113,-6,4,-13
16213,-1,3,-11
16313,-3,-2,-12
16413,-2,3,-10
16513,-6,3,-11
16613,-3,2,-13
16713,-3,4,-12
16813,-2,6,-11
16913,-2,0,-13
17013,-5,2,-12
17113,-2,3,-11
17213,-3,2,-11
17313,-3,3,-11
17413,-4,6,-11
17513,-3,6,-11
17613,0,3,-14
17713,-1,7,-11
17813,-3,6,-8
17913,-1,4,-13
18013,-5,0,-10
18113,-3,-1,-14
18213,-3,1,-10
18313,-5,11,-9
18413,-3,2,-9
18513,-1,3,-10
18613,-3,5,-14
18713,-4,8,-9
18815,-2,8,-12
18915,-4,5,-9
19015,-2,3,-9
19115,-4,1,-11
19215,-5,5,-11
19315,-2,3,-7
19415,-2,3,-11
19515,-2,6,-8
19615,-4,7,-12
19715,-2,6,-12
19815,-5,2,-13
19915,-1,2,-11
20015,-5,7,-7
20115,-3,4,-10
20215,-1,3,-14
20315,-4,1,-14
20415,-4,5,-9
20515,-2,-2,-10
20615,-3,6,-10
20715,-5,2,-13
20815,-5,3,-13
20916,-5,5,-12
21016,-2,-2,-9
21116,-3,-12,-11
21216,0,-14,-12
21316,0,10,-10
21416,-4,9,-12
21516,-5,0,-11
21616,-2,7,-13
21716,-1,-3,-9
21816,-4,-5,-12
21916,-6,11,-11
22016,-3,5,-12
22116,-1,-6,-10
22216,-4,2,-11
22316,-4,8,-10
22416,-4,5,-10
22516,-4,4,-14
22616,-4,4,-12
22717,0,-1,-12
22817,-1,0,-10
22917,-3,5,-9
23017,-4,1,-10
Averaged calibrated readings  X: -1 Y: -1 Z: 0

28034,-2,-1,-11
28134,-3,8,-13
28357,-4,0,-13
28457,-2,4,-13
28557,-5,-3,-10
28657,-7,24,-10
28757,-1,16,-9
28857,-3,-11,-10
28957,-2,-5,-14
29057,-5,-1,-16
29157,-3,4,-12
29257,-3,14,-13
29357,-6,20,-13
29457,-4,3,-10
29557,-2,2,-15
29657,-3,9,-10
29757,-4,-4,-10
29857,-5,2,-11
29957,-4,4,-12
30057,-3,3,-12
30157,-2,-1,-12
30257,-2,15,-12
30357,-2,19,-12
30457,-2,-1,-9
30557,-2,-6,-12
30657,-4,8,-10
30757,-8,4,-10
30857,-4,1,-8
30957,-5,10,-12
31057,-2,3,-14
31157,-5,1,-12
31257,-1,6,-10
31357,-1,5,-12
31457,-5,5,-11
31557,-4,3,-10
31657,-3,-1,-10
31757,-2,2,-10
31857,-6,1,-10
31957,0,7,-14
32057,-4,8,-12
32157,-5,1,-11
32257,-3,1,-12
32357,-2,5,-9
32457,-1,6,-12
32557,-2,9,-10
32657,-4,2,-12
32757,-3,2,-11
32857,-4,3,-11
32957,-4,0,-13
33057,0,8,-9
33157,-3,-38,-17
33257,-2,17,-7
33357,-3,10,-10
33457,-9,19,-12
33557,-5,8,-6
33657,-3,11,-10
33757,0,18,-12
33857,-2,-18,-14
33957,-2,8,-9
34057,-4,1,-9
34157,-3,8,-7
34257,-2,5,-10
34357,0,1,-11
34457,-2,-9,-14
34557,-1,12,-14
34657,-5,14,-16
34757,-6,-2,-13
34857,-6,27,-10
34957,-3,23,-5
35057,0,-3,-7
35157,-3,0,-6
35257,-4,-19,-7
35357,-4,-34,-17
35457,-1,-21,-15
35557,-2,13,-12
35657,-5,38,-12
35757,-7,29,-11
35857,-3,-6,-12
35957,0,-14,-11
36057,-2,4,-10
36157,-2,12,-9
36257,-5,17,-8
36357,-2,28,-9
36457,0,0,-15
36557,-4,-11,-17
36657,-2,1,-11
36757,-2,-3,-13
36857,-5,7,-10
36957,-7,10,-9
37057,-3,2,-9
37157,-5,-5,-13
37257,-3,-9,-11
37357,-3,-3,-11
37457,-5,10,-12
37557,-5,12,-13
37657,-1,5,-13
37757,-5,1,-12
37857,-2,-4,-10
37957,-4,-1,-12
38057,-6,8,-11
Averaged calibrated readings  X: -1 Y: -1 Z: -1

43077,-2,2,-9
43177,-5,38,-8
43401,-2,-86,-19
43501,-4,-21,-8
43601,-2,-48,-13
43701,-1,-47,-6
43801,-3,-17,-9
43901,-2,48,-7
44001,-2,10,-12
44101,-3,2,-15
44201,-1,4,-11
44301,-4,-2,-11
44401,-6,17,-11
44501,-4,2,-11
44601,-5,-5,-11
44701,-2,3,-13
44801,-3,-11,-10
44901,0,1,-11
45001,-1,12,-13
45101,-3,0,-12
45201,-5,11,-12
45301,-3,8,-10
45401,-2,3,-11
45501,-4,4,-11
45601,-2,4,-12
45701,-8,5,-10
45801,-3,1,-11
45901,-6,5,-10
46001,-2,1,-8
46101,-2,-1,-9
46201,-3,11,-10
46301,-7,10,-11
46401,-3,2,-10
46501,-1,4,-12
46601,-2,5,-11
46701,-5,0,-11
46801,-2,11,-11
46901,-2,12,-12
47001,-3,-12,-12
47101,-3,4,-11
47204,-1,1,-13
47304,-3,-1,-8
47404,-1,12,-7
47504,-2,-12,-11
47604,-5,5,-14
47704,-2,-6,-15
47804,-4,5,-18
47904,-3,21,-15
48004,-3,12,-11
48104,-4,5,-7
48204,-4,8,-10
48304,-3,-6,-9
48404,-3,-1,-7
48504,-3,4,-10
48604,-3,4,-12
48704,-3,6,-15
48804,-2,1,-11
48904,-5,0,-10
49004,-2,8,-10
49104,-3,4,-10
49204,-3,1,-10
49304,-5,1,-7
49404,-3,-6,-15
49504,-1,-11,-10
49604,-3,21,-7
49704,-6,17,-11
49804,-5,14,-12
49904,-2,6,-9
50004,-4,4,-11
50104,-1,-2,-10
50204,-3,1,-11
50304,-3,5,-11
50404,-3,7,-12
50504,-1,3,-9
50604,-2,3,-8
50704,-4,49,-3
50804,-3,-15,-10
50904,-1,-4,-8
51004,-2,-17,-10
51105,-4,-2,-11
51205,-8,25,-12
51305,-5,4,-12
51405,-3,10,-12
51505,-5,1,-12
51605,-3,-3,-12
51705,-2,7,-12
51805,-4,9,-8
51905,-4,-5,-10
52005,-2,4,-9
52105,-1,0,-12
52205,0,4,-11
52305,-4,13,-13
52405,-4,9,-13
52505,-5,-3,-13
52605,-4,2,-12
52705,-2,7,-12
52805,-3,7,-9
52905,-3,3,-12
53005,-3,3,-10
53105,-5,2,-13
Averaged calibrated readings  X: -1 Y: -2 Z: 0

